<?xml version="1.0" encoding="UTF-8"?>
<testsuites name="order" time="17" tests="2" failures="0" errors="0">
   <testsuite name="order" tests="2" failures="0" errors="0" time="17" timestamp="2019-01-31 10:44:07" hostname="140179 - AD0-W-D10596.ssg.global" id="Test Suites/order">
      <properties>
         <property name="deviceName" value=""/>
         <property name="devicePlatform" value=""/>
         <property name="logFolder" value="D:\\development\\katalon\\ssg\\Reports\\order\\20190131_104405"/>
         <property name="logFiles" value="D:\\development\\katalon\\ssg\\Reports\\order\\20190131_104405\\execution0.log"/>
         <property name="attachments" value=""/>
         <property name="hostName" value="140179 - AD0-W-D10596.ssg.global"/>
         <property name="os" value="Windows 7 64bit"/>
         <property name="katalonVersion" value="5.10.1.1"/>
         <property name="browser" value="Chrome 71.0.3578.98"/>
         <property name="hostAddress" value="10.149.181.162"/>
         <property name="sessionId" value="63522addf52f873fa78303fde3d0f7ba"/>
         <property name="seleniumVersion" value="3.7.1"/>
         <property name="proxyInformation" value="ProxyInformation{proxyOption=NO_PROXY, proxyServerType=HTTP, password=, proxyServerAddress=, proxyServerPort=0}"/>
         <property name="platform" value="Windows 7"/>
      </properties>
      <testcase name="Test Cases/ssg_login" classname="Test Cases/ssg_login" status="PASSED">
         <system-out><![CDATA[2019-01-31 10:44:07 - [TEST_CASE][PASSED] - Test Cases/ssg_login: Test Cases/ssg_login

2019-01-31 10:44:07 - [TEST_STEP][PASSED] - openBrowser(""): Browser is opened with url: ''

2019-01-31 10:44:08 - [MESSAGE][PASSED] - Browser is opened with url: ''

2019-01-31 10:44:08 - [TEST_STEP][PASSED] - navigateToUrl("http://qa-www.ssg.com/"): Navigate to 'http://qa-www.ssg.com/' successfully

2019-01-31 10:44:11 - [MESSAGE][PASSED] - Navigate to 'http://qa-www.ssg.com/' successfully

2019-01-31 10:44:11 - [TEST_STEP][PASSED] - txt_login_btn = getText(findTestObject("order/a_")): Text of object 'Object Repository/order/a_' is: ''

2019-01-31 10:44:12 - [MESSAGE][PASSED] - Text of object 'Object Repository/order/a_' is: ''

2019-01-31 10:44:12 - [TEST_STEP][PASSED] - if (txt_login_btn == "로그인"): null]]></system-out>
         <system-err><![CDATA[]]></system-err>
      </testcase>
      <testcase name="Test Cases/ssg_order" classname="Test Cases/ssg_order" status="PASSED">
         <system-out><![CDATA[2019-01-31 10:44:12 - [TEST_CASE][PASSED] - Test Cases/ssg_order: Test Cases/ssg_order

2019-01-31 10:44:12 - [TEST_STEP][PASSED] - navigateToUrl("http://qa-emart.ssg.com/item/itemView.ssg?itemId=0000008026713&siteNo=6001&salestrNo=2034"): Navigate to 'http://qa-emart.ssg.com/item/itemView.ssg?itemId=0000008026713&siteNo=6001&salestrNo=2034' successfully

2019-01-31 10:44:16 - [MESSAGE][PASSED] - Navigate to 'http://qa-emart.ssg.com/item/itemView.ssg?itemId=0000008026713&siteNo=6001&salestrNo=2034' successfully

2019-01-31 10:44:16 - [TEST_STEP][PASSED] - click(findTestObject("Object Repository/order/a__1")): Object: 'Object Repository/order/a__1' is clicked on

2019-01-31 10:44:19 - [MESSAGE][PASSED] - Object: 'Object Repository/order/a__1' is clicked on

2019-01-31 10:44:19 - [TEST_STEP][PASSED] - click(findTestObject("Object Repository/order/td_800g ()")): Object: 'Object Repository/order/td_800g ()' is clicked on

2019-01-31 10:44:19 - [MESSAGE][PASSED] - Object: 'Object Repository/order/td_800g ()' is clicked on

2019-01-31 10:44:19 - [TEST_STEP][PASSED] - click(findTestObject("order/input_select_day_time_css")): Object: 'Object Repository/order/input_select_day_time_css' is clicked on

2019-01-31 10:44:19 - [MESSAGE][PASSED] - Object: 'Object Repository/order/input_select_day_time_css' is clicked on

2019-01-31 10:44:19 - [TEST_STEP][PASSED] - click(findTestObject("Object Repository/order/input_ _shortgProcMthdCdAll_1")): Object: 'Object Repository/order/input_ _shortgProcMthdCdAll_1' is clicked on

2019-01-31 10:44:19 - [MESSAGE][PASSED] - Object: 'Object Repository/order/input_ _shortgProcMthdCdAll_1' is clicked on

2019-01-31 10:44:19 - [TEST_STEP][PASSED] - click(findTestObject("Object Repository/order/button__1")): Object: 'Object Repository/order/button__1' is clicked on

2019-01-31 10:44:21 - [MESSAGE][PASSED] - Object: 'Object Repository/order/button__1' is clicked on

2019-01-31 10:44:21 - [TEST_STEP][PASSED] - click(findTestObject("Object Repository/order/button__2")): Object: 'Object Repository/order/button__2' is clicked on

2019-01-31 10:44:22 - [MESSAGE][PASSED] - Object: 'Object Repository/order/button__2' is clicked on

2019-01-31 10:44:22 - [TEST_STEP][PASSED] - click(findTestObject("Object Repository/order/label_")): Object: 'Object Repository/order/label_' is clicked on

2019-01-31 10:44:22 - [MESSAGE][PASSED] - Object: 'Object Repository/order/label_' is clicked on

2019-01-31 10:44:22 - [TEST_STEP][PASSED] - click(findTestObject("Object Repository/order/button_0  0")): Object: 'Object Repository/order/button_0  0' is clicked on

2019-01-31 10:44:24 - [MESSAGE][PASSED] - Object: 'Object Repository/order/button_0  0' is clicked on

2019-01-31 10:44:24 - [TEST_STEP][PASSED] - ord_no = getText(findTestObject("order/ord_no_txt")): Text of object 'Object Repository/order/ord_no_txt' is: '주문번호는 20190131194323번'

2019-01-31 10:44:24 - [MESSAGE][PASSED] - Text of object 'Object Repository/order/ord_no_txt' is: '주문번호는 20190131194323번'

2019-01-31 10:44:24 - [TEST_STEP][PASSED] - ord_no = ord_no.replace("주문번호는 ", ""): null

2019-01-31 10:44:24 - [TEST_STEP][PASSED] - ord_no = ord_no.replace("번", ""): null

2019-01-31 10:44:24 - [TEST_STEP][PASSED] - out.println(ord_no): null]]></system-out>
         <system-err><![CDATA[]]></system-err>
      </testcase>
      <system-out><![CDATA[2019-01-31 10:44:07 - [TEST_SUITE][PASSED] - order: Test Cases/ssg_order]]></system-out>
      <system-err><![CDATA[]]></system-err>
   </testsuite>
</testsuites>
