<?xml version="1.0" encoding="UTF-8"?>
<testsuites name="order" time="70" tests="2" failures="0" errors="0">
   <testsuite name="order" tests="2" failures="0" errors="0" time="70" timestamp="2019-01-30 10:39:20" hostname="140179 - AD0-W-D10596.ssg.global" id="Test Suites/order">
      <properties>
         <property name="deviceName" value=""/>
         <property name="devicePlatform" value=""/>
         <property name="logFolder" value="D:\\development\\katalon\\ssg\\Reports\\order\\20190130_103917"/>
         <property name="logFiles" value="D:\\development\\katalon\\ssg\\Reports\\order\\20190130_103917\\execution0.log"/>
         <property name="attachments" value=""/>
         <property name="hostName" value="140179 - AD0-W-D10596.ssg.global"/>
         <property name="os" value="Windows 7 64bit"/>
         <property name="katalonVersion" value="5.10.1.1"/>
         <property name="browser" value="Chrome 71.0.3578.98"/>
         <property name="hostAddress" value="10.149.181.162"/>
         <property name="sessionId" value="8a605ea8b68e67ec79ca6d1f74e276be"/>
         <property name="seleniumVersion" value="3.7.1"/>
         <property name="proxyInformation" value="ProxyInformation{proxyOption=NO_PROXY, proxyServerType=HTTP, password=, proxyServerAddress=, proxyServerPort=0}"/>
         <property name="platform" value="Windows 7"/>
      </properties>
      <testcase name="Test Cases/ssg_login" classname="Test Cases/ssg_login" status="PASSED">
         <system-out><![CDATA[2019-01-30 10:39:20 - [TEST_CASE][PASSED] - Test Cases/ssg_login: Test Cases/ssg_login

2019-01-30 10:39:21 - [TEST_STEP][PASSED] - openBrowser(""): Browser is opened with url: ''

2019-01-30 10:39:24 - [MESSAGE][INFO] - Starting 'Chrome' driver

2019-01-30 10:39:24 - [MESSAGE][INFO] - Action delay is set to 0 seconds

2019-01-30 10:39:58 - [MESSAGE][PASSED] - Browser is opened with url: ''

2019-01-30 10:39:58 - [TEST_STEP][PASSED] - navigateToUrl("http://qa-www.ssg.com/"): Navigate to 'http://qa-www.ssg.com/' successfully

2019-01-30 10:40:02 - [MESSAGE][PASSED] - Navigate to 'http://qa-www.ssg.com/' successfully

2019-01-30 10:40:02 - [TEST_STEP][PASSED] - click(findTestObject("Object Repository/order/a_")): Object: 'Object Repository/order/a_' is clicked on

2019-01-30 10:40:03 - [MESSAGE][PASSED] - Object: 'Object Repository/order/a_' is clicked on

2019-01-30 10:40:03 - [TEST_STEP][PASSED] - switchToWindowTitle("로그인, 신세계적 쇼핑포털 SSG.COM"): Switched to window with title: '로그인, 신세계적 쇼핑포털 SSG.COM'

2019-01-30 10:40:04 - [MESSAGE][PASSED] - Switched to window with title: '로그인, 신세계적 쇼핑포털 SSG.COM'

2019-01-30 10:40:04 - [TEST_STEP][PASSED] - setText(findTestObject("Object Repository/order/input__mbrLoginId"), "nezz"): Text 'nezz' is set on object 'Object Repository/order/input__mbrLoginId'

2019-01-30 10:40:04 - [MESSAGE][PASSED] - Text 'nezz' is set on object 'Object Repository/order/input__mbrLoginId'

2019-01-30 10:40:04 - [TEST_STEP][PASSED] - setEncryptedText(findTestObject("Object Repository/order/input__password"), "RKSwBYi2f48="): Text ****** has been set on object 'Object Repository/order/input__password'

2019-01-30 10:40:05 - [MESSAGE][PASSED] - Text ****** has been set on object 'Object Repository/order/input__password'

2019-01-30 10:40:05 - [TEST_STEP][PASSED] - click(findTestObject("Object Repository/order/button_")): Object: 'Object Repository/order/button_' is clicked on

2019-01-30 10:40:05 - [MESSAGE][PASSED] - Object: 'Object Repository/order/button_' is clicked on

2019-01-30 10:40:05 - [TEST_STEP][PASSED] - switchToWindowTitle("신세계적 쇼핑포털 SSG.COM"): Switched to window with title: '신세계적 쇼핑포털 SSG.COM'

2019-01-30 10:40:05 - [MESSAGE][PASSED] - Switched to window with title: '신세계적 쇼핑포털 SSG.COM']]></system-out>
         <system-err><![CDATA[]]></system-err>
      </testcase>
      <testcase name="Test Cases/ssg_order" classname="Test Cases/ssg_order" status="PASSED">
         <system-out><![CDATA[2019-01-30 10:40:05 - [TEST_CASE][PASSED] - Test Cases/ssg_order: Test Cases/ssg_order

2019-01-30 10:40:05 - [TEST_STEP][PASSED] - navigateToUrl("http://qa-emart.ssg.com/item/itemView.ssg?itemId=0000008026713&siteNo=6001&salestrNo=2034"): Navigate to 'http://qa-emart.ssg.com/item/itemView.ssg?itemId=0000008026713&siteNo=6001&salestrNo=2034' successfully

2019-01-30 10:40:23 - [MESSAGE][PASSED] - Navigate to 'http://qa-emart.ssg.com/item/itemView.ssg?itemId=0000008026713&siteNo=6001&salestrNo=2034' successfully

2019-01-30 10:40:23 - [TEST_STEP][PASSED] - click(findTestObject("Object Repository/order/a__1")): Object: 'Object Repository/order/a__1' is clicked on

2019-01-30 10:40:25 - [MESSAGE][PASSED] - Object: 'Object Repository/order/a__1' is clicked on

2019-01-30 10:40:25 - [TEST_STEP][PASSED] - click(findTestObject("Object Repository/order/td_800g ()")): Object: 'Object Repository/order/td_800g ()' is clicked on

2019-01-30 10:40:25 - [MESSAGE][PASSED] - Object: 'Object Repository/order/td_800g ()' is clicked on

2019-01-30 10:40:25 - [TEST_STEP][PASSED] - click(findTestObject("Object Repository/order/input__rsvtShppInfo_1_0")): Object: 'Object Repository/order/input__rsvtShppInfo_1_0' is clicked on

2019-01-30 10:40:25 - [MESSAGE][PASSED] - Object: 'Object Repository/order/input__rsvtShppInfo_1_0' is clicked on

2019-01-30 10:40:25 - [TEST_STEP][PASSED] - click(findTestObject("Object Repository/order/input_ _shortgProcMthdCdAll_1")): Object: 'Object Repository/order/input_ _shortgProcMthdCdAll_1' is clicked on

2019-01-30 10:40:25 - [MESSAGE][PASSED] - Object: 'Object Repository/order/input_ _shortgProcMthdCdAll_1' is clicked on

2019-01-30 10:40:25 - [TEST_STEP][PASSED] - click(findTestObject("Object Repository/order/button__1")): Object: 'Object Repository/order/button__1' is clicked on

2019-01-30 10:40:27 - [MESSAGE][PASSED] - Object: 'Object Repository/order/button__1' is clicked on

2019-01-30 10:40:27 - [TEST_STEP][PASSED] - click(findTestObject("Object Repository/order/button__2")): Object: 'Object Repository/order/button__2' is clicked on

2019-01-30 10:40:27 - [MESSAGE][PASSED] - Object: 'Object Repository/order/button__2' is clicked on

2019-01-30 10:40:27 - [TEST_STEP][PASSED] - click(findTestObject("Object Repository/order/label_")): Object: 'Object Repository/order/label_' is clicked on

2019-01-30 10:40:27 - [MESSAGE][PASSED] - Object: 'Object Repository/order/label_' is clicked on

2019-01-30 10:40:27 - [TEST_STEP][PASSED] - click(findTestObject("Object Repository/order/button_0  0")): Object: 'Object Repository/order/button_0  0' is clicked on

2019-01-30 10:40:30 - [MESSAGE][PASSED] - Object: 'Object Repository/order/button_0  0' is clicked on]]></system-out>
         <system-err><![CDATA[]]></system-err>
      </testcase>
      <system-out><![CDATA[2019-01-30 10:39:20 - [TEST_SUITE][PASSED] - order: Test Cases/ssg_order]]></system-out>
      <system-err><![CDATA[]]></system-err>
   </testsuite>
</testsuites>
