<?xml version="1.0" encoding="UTF-8"?>
<testsuites name="order_integrate" time="41" tests="3" failures="0" errors="0">
   <testsuite name="order_integrate" tests="3" failures="0" errors="0" time="41" timestamp="2019-01-31 13:09:14" hostname="140179 - AD0-W-D10596.ssg.global" id="Test Suites/order_integrate">
      <properties>
         <property name="deviceName" value=""/>
         <property name="devicePlatform" value=""/>
         <property name="logFolder" value="D:\\development\\katalon\\ssg\\Reports\\order_integrate\\20190131_130913"/>
         <property name="logFiles" value="D:\\development\\katalon\\ssg\\Reports\\order_integrate\\20190131_130913\\execution0.log"/>
         <property name="attachments" value=""/>
         <property name="hostName" value="140179 - AD0-W-D10596.ssg.global"/>
         <property name="os" value="Windows 7 64bit"/>
         <property name="katalonVersion" value="5.10.1.1"/>
         <property name="browser" value="Chrome 71.0.3578.98"/>
         <property name="hostAddress" value="10.149.181.162"/>
         <property name="sessionId" value="2c37cf43942ebd3a0a6a9836ac454a66"/>
         <property name="seleniumVersion" value="3.7.1"/>
         <property name="proxyInformation" value="ProxyInformation{proxyOption=NO_PROXY, proxyServerType=HTTP, password=, proxyServerAddress=, proxyServerPort=0}"/>
         <property name="platform" value="Windows 7"/>
      </properties>
      <testcase name="Test Cases/ssg_login" classname="Test Cases/ssg_login" status="PASSED">
         <system-out><![CDATA[2019-01-31 13:09:14 - [TEST_CASE][PASSED] - Test Cases/ssg_login: Test Cases/ssg_login

2019-01-31 13:09:15 - [TEST_STEP][PASSED] - openBrowser(""): Browser is opened with url: ''

2019-01-31 13:09:15 - [MESSAGE][INFO] - Starting 'Chrome' driver

2019-01-31 13:09:15 - [MESSAGE][INFO] - Action delay is set to 0 seconds

2019-01-31 13:09:22 - [MESSAGE][PASSED] - Browser is opened with url: ''

2019-01-31 13:09:22 - [TEST_STEP][PASSED] - navigateToUrl("http://qa-www.ssg.com/"): Navigate to 'http://qa-www.ssg.com/' successfully

2019-01-31 13:09:25 - [MESSAGE][PASSED] - Navigate to 'http://qa-www.ssg.com/' successfully

2019-01-31 13:09:25 - [TEST_STEP][PASSED] - txt_login_btn = getText(findTestObject("order/a_")): Text of object 'Object Repository/order/a_' is: '로그인'

2019-01-31 13:09:25 - [MESSAGE][PASSED] - Text of object 'Object Repository/order/a_' is: '로그인'

2019-01-31 13:09:25 - [TEST_STEP][PASSED] - if (txt_login_btn == "로그인"): Switched to window with title: '신세계적 쇼핑포털 SSG.COM'

2019-01-31 13:09:25 - [TEST_STEP][PASSED] - click(findTestObject("Object Repository/order/a_")): Object: 'Object Repository/order/a_' is clicked on

2019-01-31 13:09:26 - [MESSAGE][PASSED] - Object: 'Object Repository/order/a_' is clicked on

2019-01-31 13:09:26 - [TEST_STEP][PASSED] - switchToWindowTitle("로그인, 신세계적 쇼핑포털 SSG.COM"): Switched to window with title: '로그인, 신세계적 쇼핑포털 SSG.COM'

2019-01-31 13:09:27 - [MESSAGE][PASSED] - Switched to window with title: '로그인, 신세계적 쇼핑포털 SSG.COM'

2019-01-31 13:09:27 - [TEST_STEP][PASSED] - setText(findTestObject("Object Repository/order/input__mbrLoginId"), "nezz"): Text 'nezz' is set on object 'Object Repository/order/input__mbrLoginId'

2019-01-31 13:09:27 - [MESSAGE][PASSED] - Text 'nezz' is set on object 'Object Repository/order/input__mbrLoginId'

2019-01-31 13:09:27 - [TEST_STEP][PASSED] - setEncryptedText(findTestObject("Object Repository/order/input__password"), "RKSwBYi2f48="): Text ****** has been set on object 'Object Repository/order/input__password'

2019-01-31 13:09:27 - [MESSAGE][PASSED] - Text ****** has been set on object 'Object Repository/order/input__password'

2019-01-31 13:09:27 - [TEST_STEP][PASSED] - click(findTestObject("Object Repository/order/button_")): Object: 'Object Repository/order/button_' is clicked on

2019-01-31 13:09:28 - [MESSAGE][PASSED] - Object: 'Object Repository/order/button_' is clicked on

2019-01-31 13:09:28 - [TEST_STEP][PASSED] - switchToWindowTitle("신세계적 쇼핑포털 SSG.COM"): Switched to window with title: '신세계적 쇼핑포털 SSG.COM'

2019-01-31 13:09:28 - [MESSAGE][PASSED] - Switched to window with title: '신세계적 쇼핑포털 SSG.COM']]></system-out>
         <system-err><![CDATA[]]></system-err>
      </testcase>
      <testcase name="Test Cases/ssg_order" classname="Test Cases/ssg_order" status="PASSED">
         <system-out><![CDATA[2019-01-31 13:09:28 - [TEST_CASE][PASSED] - Test Cases/ssg_order: Test Cases/ssg_order

2019-01-31 13:09:28 - [TEST_STEP][PASSED] - navigateToUrl("http://qa-emart.ssg.com/item/itemView.ssg?itemId=0000008026713&siteNo=6001&salestrNo=2034"): Navigate to 'http://qa-emart.ssg.com/item/itemView.ssg?itemId=0000008026713&siteNo=6001&salestrNo=2034' successfully

2019-01-31 13:09:32 - [MESSAGE][PASSED] - Navigate to 'http://qa-emart.ssg.com/item/itemView.ssg?itemId=0000008026713&siteNo=6001&salestrNo=2034' successfully

2019-01-31 13:09:32 - [TEST_STEP][PASSED] - click(findTestObject("Object Repository/order/a__1")): Object: 'Object Repository/order/a__1' is clicked on

2019-01-31 13:09:34 - [MESSAGE][PASSED] - Object: 'Object Repository/order/a__1' is clicked on

2019-01-31 13:09:34 - [TEST_STEP][PASSED] - click(findTestObject("Object Repository/order/td_800g ()")): Object: 'Object Repository/order/td_800g ()' is clicked on

2019-01-31 13:09:34 - [MESSAGE][PASSED] - Object: 'Object Repository/order/td_800g ()' is clicked on

2019-01-31 13:09:34 - [TEST_STEP][PASSED] - click(findTestObject("order/input_select_day_time_css")): Object: 'Object Repository/order/input_select_day_time_css' is clicked on

2019-01-31 13:09:34 - [MESSAGE][PASSED] - Object: 'Object Repository/order/input_select_day_time_css' is clicked on

2019-01-31 13:09:34 - [TEST_STEP][PASSED] - click(findTestObject("Object Repository/order/input_ _shortgProcMthdCdAll_1")): Object: 'Object Repository/order/input_ _shortgProcMthdCdAll_1' is clicked on

2019-01-31 13:09:35 - [MESSAGE][PASSED] - Object: 'Object Repository/order/input_ _shortgProcMthdCdAll_1' is clicked on

2019-01-31 13:09:35 - [TEST_STEP][PASSED] - click(findTestObject("Object Repository/order/button__1")): Object: 'Object Repository/order/button__1' is clicked on

2019-01-31 13:09:36 - [MESSAGE][PASSED] - Object: 'Object Repository/order/button__1' is clicked on

2019-01-31 13:09:36 - [TEST_STEP][PASSED] - click(findTestObject("Object Repository/order/button__2")): Object: 'Object Repository/order/button__2' is clicked on

2019-01-31 13:09:37 - [MESSAGE][PASSED] - Object: 'Object Repository/order/button__2' is clicked on

2019-01-31 13:09:37 - [TEST_STEP][PASSED] - click(findTestObject("Object Repository/order/label_")): Object: 'Object Repository/order/label_' is clicked on

2019-01-31 13:09:37 - [MESSAGE][PASSED] - Object: 'Object Repository/order/label_' is clicked on

2019-01-31 13:09:37 - [TEST_STEP][PASSED] - click(findTestObject("Object Repository/order/button_0  0")): Object: 'Object Repository/order/button_0  0' is clicked on

2019-01-31 13:09:39 - [MESSAGE][PASSED] - Object: 'Object Repository/order/button_0  0' is clicked on

2019-01-31 13:09:39 - [TEST_STEP][PASSED] - ord_no = getText(findTestObject("order/ord_no_txt")): Text of object 'Object Repository/order/ord_no_txt' is: '주문번호는 20190131194340번'

2019-01-31 13:09:39 - [MESSAGE][PASSED] - Text of object 'Object Repository/order/ord_no_txt' is: '주문번호는 20190131194340번'

2019-01-31 13:09:39 - [TEST_STEP][PASSED] - ord_no = ord_no.replace("주문번호는 ", ""): null

2019-01-31 13:09:39 - [TEST_STEP][PASSED] - ord_no = ord_no.replace("번", ""): null

2019-01-31 13:09:39 - [TEST_STEP][PASSED] - ord_no = ord_no: null

2019-01-31 13:09:39 - [TEST_STEP][PASSED] - out.println(ord_no): null]]></system-out>
         <system-err><![CDATA[]]></system-err>
      </testcase>
      <testcase name="Test Cases/search_ord_from_bo" classname="Test Cases/search_ord_from_bo" status="PASSED">
         <system-out><![CDATA[2019-01-31 13:09:39 - [TEST_CASE][PASSED] - Test Cases/search_ord_from_bo: Test Cases/search_ord_from_bo

2019-01-31 13:09:39 - [TEST_STEP][PASSED] - openBrowser(""): Browser is opened with url: ''

2019-01-31 13:09:39 - [MESSAGE][WARNING] - A browser is already opened. Closing browser and opening a new one

2019-01-31 13:09:40 - [MESSAGE][INFO] - Starting 'Chrome' driver

2019-01-31 13:09:46 - [MESSAGE][PASSED] - Browser is opened with url: ''

2019-01-31 13:09:46 - [TEST_STEP][PASSED] - navigateToUrl("https://qa-bo.ssgadm.com/authentication/login.ssg"): Navigate to 'https://qa-bo.ssgadm.com/authentication/login.ssg' successfully

2019-01-31 13:09:47 - [MESSAGE][PASSED] - Navigate to 'https://qa-bo.ssgadm.com/authentication/login.ssg' successfully

2019-01-31 13:09:47 - [TEST_STEP][PASSED] - setText(findTestObject("picking_dirc_admin/input__userId"), "140179"): Text '140179' is set on object 'Object Repository/picking_dirc_admin/input__userId'

2019-01-31 13:09:47 - [MESSAGE][PASSED] - Text '140179' is set on object 'Object Repository/picking_dirc_admin/input__userId'

2019-01-31 13:09:47 - [TEST_STEP][PASSED] - setEncryptedText(findTestObject("search_ord_from_bo/input__userPwd (1)"), "w11JizTPrrG9r5NfjDZfNA=="): Text ****** has been set on object 'Object Repository/search_ord_from_bo/input__userPwd (1)'

2019-01-31 13:09:47 - [MESSAGE][PASSED] - Text ****** has been set on object 'Object Repository/search_ord_from_bo/input__userPwd (1)'

2019-01-31 13:09:47 - [TEST_STEP][PASSED] - click(findTestObject("search_ord_from_bo/a_LOGIN (1)")): Object: 'Object Repository/search_ord_from_bo/a_LOGIN (1)' is clicked on

2019-01-31 13:09:47 - [MESSAGE][PASSED] - Object: 'Object Repository/search_ord_from_bo/a_LOGIN (1)' is clicked on

2019-01-31 13:09:47 - [TEST_STEP][PASSED] - click(findTestObject("search_ord_from_bo/a_ (1)")): Object: 'Object Repository/search_ord_from_bo/a_ (1)' is clicked on

2019-01-31 13:09:49 - [MESSAGE][PASSED] - Object: 'Object Repository/search_ord_from_bo/a_ (1)' is clicked on

2019-01-31 13:09:49 - [TEST_STEP][PASSED] - click(findTestObject("search_ord_from_bo/a_E-Infra (1)")): Object: 'Object Repository/search_ord_from_bo/a_E-Infra (1)' is clicked on

2019-01-31 13:09:49 - [MESSAGE][PASSED] - Object: 'Object Repository/search_ord_from_bo/a_E-Infra (1)' is clicked on

2019-01-31 13:09:49 - [TEST_STEP][PASSED] - click(findTestObject("search_ord_from_bo/b_E (1)")): Object: 'Object Repository/search_ord_from_bo/b_E (1)' is clicked on

2019-01-31 13:09:50 - [MESSAGE][PASSED] - Object: 'Object Repository/search_ord_from_bo/b_E (1)' is clicked on

2019-01-31 13:09:50 - [TEST_STEP][PASSED] - setText(findTestObject("search_ord_from_bo/input__salestrNm"), "성수점"): Text '성수점' is set on object 'Object Repository/search_ord_from_bo/input__salestrNm'

2019-01-31 13:09:50 - [MESSAGE][PASSED] - Text '성수점' is set on object 'Object Repository/search_ord_from_bo/input__salestrNm'

2019-01-31 13:09:50 - [TEST_STEP][PASSED] - selectOptionByValue(findTestObject("search_ord_from_bo/select_(2034)"), "2034|성수점", false): All options with value '2034|성수점' are selected in object 'Object Repository/search_ord_from_bo/select_(2034)' 

2019-01-31 13:09:51 - [MESSAGE][PASSED] - All options with value '2034|성수점' are selected in object 'Object Repository/search_ord_from_bo/select_(2034)' 

2019-01-31 13:09:51 - [TEST_STEP][PASSED] - selectOptionByValue(findTestObject("search_ord_from_bo/select_"), "20", true): All options with value '20' are selected in object 'Object Repository/search_ord_from_bo/select_'  using regular expression

2019-01-31 13:09:51 - [MESSAGE][PASSED] - All options with value '20' are selected in object 'Object Repository/search_ord_from_bo/select_'  using regular expression

2019-01-31 13:09:51 - [TEST_STEP][PASSED] - out.println(ord_no): null

2019-01-31 13:09:51 - [TEST_STEP][PASSED] - setText(findTestObject("search_ord_from_bo/textarea"), ord_no): Text '20190131194340' is set on object 'Object Repository/search_ord_from_bo/textarea'

2019-01-31 13:09:51 - [MESSAGE][PASSED] - Text '20190131194340' is set on object 'Object Repository/search_ord_from_bo/textarea'

2019-01-31 13:09:51 - [TEST_STEP][PASSED] - click(findTestObject("search_ord_from_bo/searchBtn")): Object: 'Object Repository/search_ord_from_bo/searchBtn' is clicked on

2019-01-31 13:09:51 - [MESSAGE][PASSED] - Object: 'Object Repository/search_ord_from_bo/searchBtn' is clicked on

2019-01-31 13:09:51 - [TEST_STEP][PASSED] - delay(2): Delayed 2 second(s)

2019-01-31 13:09:53 - [MESSAGE][PASSED] - Delayed 2 second(s)

2019-01-31 13:09:53 - [TEST_STEP][PASSED] - click(findTestObject("search_ord_from_bo/checkbox")): Object: 'Object Repository/search_ord_from_bo/checkbox' is clicked on

2019-01-31 13:09:53 - [MESSAGE][PASSED] - Object: 'Object Repository/search_ord_from_bo/checkbox' is clicked on

2019-01-31 13:09:53 - [TEST_STEP][PASSED] - click(findTestObject("search_ord_from_bo/pickgDircProcBtn")): Switching to default content failed because an alert is presented on page. Please switch to default content after dealing with the alert.

2019-01-31 13:09:53 - [MESSAGE][PASSED] - Object: 'Object Repository/search_ord_from_bo/pickgDircProcBtn' is clicked on

2019-01-31 13:09:53 - [MESSAGE][WARNING] - Switching to default content failed because an alert is presented on page. Please switch to default content after dealing with the alert.

2019-01-31 13:09:53 - [TEST_STEP][PASSED] - waitForAlert(5): Alert is present after 5 second(s).

2019-01-31 13:09:53 - [MESSAGE][PASSED] - Alert is present after 5 second(s).

2019-01-31 13:09:53 - [TEST_STEP][PASSED] - acceptAlert(): Alert accepted

2019-01-31 13:09:53 - [MESSAGE][PASSED] - Alert accepted

2019-01-31 13:09:53 - [TEST_STEP][PASSED] - waitForAlert(5): Alert is present after 5 second(s).

2019-01-31 13:09:54 - [MESSAGE][PASSED] - Alert is present after 5 second(s).

2019-01-31 13:09:54 - [TEST_STEP][PASSED] - acceptAlert(): Alert accepted

2019-01-31 13:09:54 - [MESSAGE][PASSED] - Alert accepted]]></system-out>
         <system-err><![CDATA[]]></system-err>
      </testcase>
      <system-out><![CDATA[2019-01-31 13:09:14 - [TEST_SUITE][PASSED] - order_integrate: Test Cases/search_ord_from_bo]]></system-out>
      <system-err><![CDATA[]]></system-err>
   </testsuite>
</testsuites>
