<?xml version="1.0" encoding="UTF-8"?>
<testsuites name="cancel_order" time="27" tests="2" failures="0" errors="0">
   <testsuite name="cancel_order" tests="2" failures="0" errors="0" time="27" timestamp="2019-01-31 10:47:48" hostname="140179 - AD0-W-D10596.ssg.global" id="Test Suites/cancel_order">
      <properties>
         <property name="deviceName" value=""/>
         <property name="devicePlatform" value=""/>
         <property name="logFolder" value="D:\\development\\katalon\\ssg\\Reports\\cancel_order\\20190131_104746"/>
         <property name="logFiles" value="D:\\development\\katalon\\ssg\\Reports\\cancel_order\\20190131_104746\\execution0.log"/>
         <property name="attachments" value=""/>
         <property name="hostName" value="140179 - AD0-W-D10596.ssg.global"/>
         <property name="os" value="Windows 7 64bit"/>
         <property name="katalonVersion" value="5.10.1.1"/>
         <property name="browser" value="Chrome 71.0.3578.98"/>
         <property name="hostAddress" value="10.149.181.162"/>
         <property name="sessionId" value="bb7f04f22c4516daa4e1bec2a0488465"/>
         <property name="seleniumVersion" value="3.7.1"/>
         <property name="proxyInformation" value="ProxyInformation{proxyOption=NO_PROXY, proxyServerType=HTTP, password=, proxyServerAddress=, proxyServerPort=0}"/>
         <property name="platform" value="Windows 7"/>
      </properties>
      <testcase name="Test Cases/ssg_login" classname="Test Cases/ssg_login" status="PASSED">
         <system-out><![CDATA[2019-01-31 10:47:48 - [TEST_CASE][PASSED] - Test Cases/ssg_login: Test Cases/ssg_login

2019-01-31 10:47:48 - [TEST_STEP][PASSED] - openBrowser(""): Browser is opened with url: ''

2019-01-31 10:47:49 - [MESSAGE][INFO] - Starting 'Chrome' driver

2019-01-31 10:47:49 - [MESSAGE][INFO] - Action delay is set to 0 seconds

2019-01-31 10:47:57 - [MESSAGE][PASSED] - Browser is opened with url: ''

2019-01-31 10:47:57 - [TEST_STEP][PASSED] - navigateToUrl("http://qa-www.ssg.com/"): Navigate to 'http://qa-www.ssg.com/' successfully

2019-01-31 10:47:59 - [MESSAGE][PASSED] - Navigate to 'http://qa-www.ssg.com/' successfully

2019-01-31 10:47:59 - [TEST_STEP][PASSED] - txt_login_btn = getText(findTestObject("order/a_")): Text of object 'Object Repository/order/a_' is: '로그인'

2019-01-31 10:47:59 - [MESSAGE][PASSED] - Text of object 'Object Repository/order/a_' is: '로그인'

2019-01-31 10:47:59 - [TEST_STEP][PASSED] - if (txt_login_btn == "로그인"): Switched to window with title: '신세계적 쇼핑포털 SSG.COM'

2019-01-31 10:47:59 - [TEST_STEP][PASSED] - click(findTestObject("Object Repository/order/a_")): Object: 'Object Repository/order/a_' is clicked on

2019-01-31 10:48:00 - [MESSAGE][PASSED] - Object: 'Object Repository/order/a_' is clicked on

2019-01-31 10:48:00 - [TEST_STEP][PASSED] - switchToWindowTitle("로그인, 신세계적 쇼핑포털 SSG.COM"): Switched to window with title: '로그인, 신세계적 쇼핑포털 SSG.COM'

2019-01-31 10:48:01 - [MESSAGE][PASSED] - Switched to window with title: '로그인, 신세계적 쇼핑포털 SSG.COM'

2019-01-31 10:48:01 - [TEST_STEP][PASSED] - setText(findTestObject("Object Repository/order/input__mbrLoginId"), "nezz"): Text 'nezz' is set on object 'Object Repository/order/input__mbrLoginId'

2019-01-31 10:48:01 - [MESSAGE][PASSED] - Text 'nezz' is set on object 'Object Repository/order/input__mbrLoginId'

2019-01-31 10:48:01 - [TEST_STEP][PASSED] - setEncryptedText(findTestObject("Object Repository/order/input__password"), "RKSwBYi2f48="): Text ****** has been set on object 'Object Repository/order/input__password'

2019-01-31 10:48:01 - [MESSAGE][PASSED] - Text ****** has been set on object 'Object Repository/order/input__password'

2019-01-31 10:48:01 - [TEST_STEP][PASSED] - click(findTestObject("Object Repository/order/button_")): Object: 'Object Repository/order/button_' is clicked on

2019-01-31 10:48:02 - [MESSAGE][PASSED] - Object: 'Object Repository/order/button_' is clicked on

2019-01-31 10:48:02 - [TEST_STEP][PASSED] - switchToWindowTitle("신세계적 쇼핑포털 SSG.COM"): Switched to window with title: '신세계적 쇼핑포털 SSG.COM'

2019-01-31 10:48:02 - [MESSAGE][PASSED] - Switched to window with title: '신세계적 쇼핑포털 SSG.COM']]></system-out>
         <system-err><![CDATA[]]></system-err>
      </testcase>
      <testcase name="Test Cases/ssg_cancel" classname="Test Cases/ssg_cancel" status="PASSED">
         <system-out><![CDATA[2019-01-31 10:48:02 - [TEST_CASE][PASSED] - Test Cases/ssg_cancel: Test Cases/ssg_cancel

2019-01-31 10:48:02 - [TEST_STEP][PASSED] - navigateToUrl("https://qa-pay.ssg.com/myssg/orderInfo.ssg?viewType=Ssg"): Navigate to 'https://qa-pay.ssg.com/myssg/orderInfo.ssg?viewType=Ssg' successfully

2019-01-31 10:48:06 - [MESSAGE][PASSED] - Navigate to 'https://qa-pay.ssg.com/myssg/orderInfo.ssg?viewType=Ssg' successfully

2019-01-31 10:48:06 - [TEST_STEP][PASSED] - click(findTestObject("Object Repository/cancel/button_ (1)")): Object: 'Object Repository/cancel/button_ (1)' is clicked on

2019-01-31 10:48:07 - [MESSAGE][PASSED] - Object: 'Object Repository/cancel/button_ (1)' is clicked on

2019-01-31 10:48:07 - [TEST_STEP][PASSED] - click(findTestObject("Object Repository/cancel/label_")): Object: 'Object Repository/cancel/label_' is clicked on

2019-01-31 10:48:07 - [MESSAGE][PASSED] - Object: 'Object Repository/cancel/label_' is clicked on

2019-01-31 10:48:07 - [TEST_STEP][PASSED] - waitForElementVisible(findTestObject("cancel/label_ (1)"), 5): Object 'Object Repository/cancel/label_ (1)' is visible

2019-01-31 10:48:07 - [MESSAGE][PASSED] - Object 'Object Repository/cancel/label_ (1)' is visible

2019-01-31 10:48:07 - [TEST_STEP][PASSED] - click(findTestObject("Object Repository/cancel/label_ (1)")): Object: 'Object Repository/cancel/label_ (1)' is clicked on

2019-01-31 10:48:07 - [MESSAGE][PASSED] - Object: 'Object Repository/cancel/label_ (1)' is clicked on

2019-01-31 10:48:07 - [TEST_STEP][PASSED] - click(findTestObject("Object Repository/cancel/button_ (2)")): Object: 'Object Repository/cancel/button_ (2)' is clicked on

2019-01-31 10:48:07 - [MESSAGE][PASSED] - Object: 'Object Repository/cancel/button_ (2)' is clicked on

2019-01-31 10:48:07 - [TEST_STEP][PASSED] - click(findTestObject("Object Repository/cancel/label_     .")): Object: 'Object Repository/cancel/label_     .' is clicked on

2019-01-31 10:48:09 - [MESSAGE][PASSED] - Object: 'Object Repository/cancel/label_     .' is clicked on

2019-01-31 10:48:09 - [TEST_STEP][PASSED] - click(findTestObject("Object Repository/cancel/button__1")): Object: 'Object Repository/cancel/button__1' is clicked on

2019-01-31 10:48:10 - [MESSAGE][PASSED] - Object: 'Object Repository/cancel/button__1' is clicked on

2019-01-31 10:48:10 - [TEST_STEP][PASSED] - click(findTestObject("Object Repository/cancel/button__2")): Object: 'Object Repository/cancel/button__2' is clicked on

2019-01-31 10:48:14 - [MESSAGE][PASSED] - Object: 'Object Repository/cancel/button__2' is clicked on]]></system-out>
         <system-err><![CDATA[]]></system-err>
      </testcase>
      <system-out><![CDATA[2019-01-31 10:47:48 - [TEST_SUITE][PASSED] - cancel_order: Test Cases/ssg_cancel]]></system-out>
      <system-err><![CDATA[]]></system-err>
   </testsuite>
</testsuites>
